<?xml version="1.0" encoding="UTF-8"?>
<testng-results ignored="0" total="5" passed="5" failed="0" skipped="0">
  <reporter-output>
  </reporter-output>
  <suite started-at="2025-03-19T10:32:26 IST" name="Default suite" finished-at="2025-03-19T10:33:38 IST" duration-ms="71505">
    <groups>
      <group name="cucumber">
        <method signature="AbstractTestNGCucumberTests.runScenario(io.cucumber.testng.PickleWrapper,io.cucumber.testng.FeatureWrapper)[pri:0, instance:runner.TestRunner@53f3bdbd]" name="runScenario" class="io.cucumber.testng.AbstractTestNGCucumberTests"/>
      </group> <!-- cucumber -->
    </groups>
    <test started-at="2025-03-19T10:32:26 IST" name="Default test" finished-at="2025-03-19T10:33:38 IST" duration-ms="71505">
      <class name="runner.TestRunner">
        <test-method is-config="true" signature="setUpClass(org.testng.ITestContext)[pri:0, instance:runner.TestRunner@53f3bdbd]" started-at="2025-03-19T10:32:26 IST" name="setUpClass" finished-at="2025-03-19T10:32:27 IST" duration-ms="195" status="PASS">
          <params>
            <param index="0">
              <value>
                <![CDATA[org.testng.TestRunner@2b2a4332]]>
              </value>
            </param>
          </params>
          <reporter-output>
          </reporter-output>
        </test-method> <!-- setUpClass -->
        <test-method signature="runScenario(io.cucumber.testng.PickleWrapper,io.cucumber.testng.FeatureWrapper)[pri:0, instance:runner.TestRunner@53f3bdbd]" started-at="2025-03-19T10:32:27 IST" name="runScenario" description="Runs Cucumber Scenarios" data-provider="scenarios" finished-at="2025-03-19T10:32:45 IST" duration-ms="18426" status="PASS">
          <params>
            <param index="0">
              <value>
                <![CDATA["Shopping Cart Functionality"]]>
              </value>
            </param>
            <param index="1">
              <value>
                <![CDATA["Automated Testing of JPetStore Website"]]>
              </value>
            </param>
          </params>
          <reporter-output>
          </reporter-output>
        </test-method> <!-- runScenario -->
        <test-method signature="runScenario(io.cucumber.testng.PickleWrapper,io.cucumber.testng.FeatureWrapper)[pri:0, instance:runner.TestRunner@53f3bdbd]" started-at="2025-03-19T10:32:45 IST" name="runScenario" description="Runs Cucumber Scenarios" data-provider="scenarios" finished-at="2025-03-19T10:32:48 IST" duration-ms="3162" status="PASS">
          <params>
            <param index="0">
              <value>
                <![CDATA["Verify Home Page"]]>
              </value>
            </param>
            <param index="1">
              <value>
                <![CDATA["Automated Testing of JPetStore Website"]]>
              </value>
            </param>
          </params>
          <reporter-output>
          </reporter-output>
        </test-method> <!-- runScenario -->
        <test-method signature="runScenario(io.cucumber.testng.PickleWrapper,io.cucumber.testng.FeatureWrapper)[pri:0, instance:runner.TestRunner@53f3bdbd]" started-at="2025-03-19T10:32:48 IST" name="runScenario" description="Runs Cucumber Scenarios" data-provider="scenarios" finished-at="2025-03-19T10:33:29 IST" duration-ms="40737" status="PASS">
          <params>
            <param index="0">
              <value>
                <![CDATA["User Registration and Login"]]>
              </value>
            </param>
            <param index="1">
              <value>
                <![CDATA["Automated Testing of JPetStore Website"]]>
              </value>
            </param>
          </params>
          <reporter-output>
          </reporter-output>
        </test-method> <!-- runScenario -->
        <test-method signature="runScenario(io.cucumber.testng.PickleWrapper,io.cucumber.testng.FeatureWrapper)[pri:0, instance:runner.TestRunner@53f3bdbd]" started-at="2025-03-19T10:33:29 IST" name="runScenario" description="Runs Cucumber Scenarios" data-provider="scenarios" finished-at="2025-03-19T10:33:34 IST" duration-ms="5175" status="PASS">
          <params>
            <param index="0">
              <value>
                <![CDATA["Search Functionality"]]>
              </value>
            </param>
            <param index="1">
              <value>
                <![CDATA["Automated Testing of JPetStore Website"]]>
              </value>
            </param>
          </params>
          <reporter-output>
          </reporter-output>
        </test-method> <!-- runScenario -->
        <test-method signature="runScenario(io.cucumber.testng.PickleWrapper,io.cucumber.testng.FeatureWrapper)[pri:0, instance:runner.TestRunner@53f3bdbd]" started-at="2025-03-19T10:33:34 IST" name="runScenario" description="Runs Cucumber Scenarios" data-provider="scenarios" finished-at="2025-03-19T10:33:37 IST" duration-ms="3319" status="PASS">
          <params>
            <param index="0">
              <value>
                <![CDATA["Verify Product Details Page"]]>
              </value>
            </param>
            <param index="1">
              <value>
                <![CDATA["Automated Testing of JPetStore Website"]]>
              </value>
            </param>
          </params>
          <reporter-output>
          </reporter-output>
        </test-method> <!-- runScenario -->
        <test-method is-config="true" signature="tearDownClass()[pri:0, instance:runner.TestRunner@53f3bdbd]" started-at="2025-03-19T10:33:37 IST" name="tearDownClass" finished-at="2025-03-19T10:33:38 IST" duration-ms="444" status="PASS">
          <reporter-output>
          </reporter-output>
        </test-method> <!-- tearDownClass -->
      </class> <!-- runner.TestRunner -->
    </test> <!-- Default test -->
  </suite> <!-- Default suite -->
</testng-results>
